{
  "RSpec": {
    "coverage": {
      "/Users/samthoburn/Desktop/Repos/battle/spec/features/player_info_spec.rb": {
        "lines": [
          null,
          null,
          null,
          null,
          null,
          1,
          1,
          1,
          null,
          1,
          null,
          null,
          1,
          1,
          null,
          1,
          null,
          null,
          1,
          1,
          null,
          1,
          null,
          null,
          1,
          1,
          null,
          1,
          null,
          1,
          null,
          null,
          null,
          1,
          1,
          5,
          null,
          null,
          1,
          1,
          1,
          1,
          1,
          null,
          null,
          1,
          1,
          1,
          1,
          1,
          1,
          null,
          null,
          null,
          1,
          1,
          20,
          null,
          1,
          1,
          null,
          1,
          18,
          18,
          null,
          null,
          1,
          null,
          1,
          null,
          null
        ]
      },
      "/Users/samthoburn/Desktop/Repos/battle/spec/game_spec.rb": {
        "lines": [
          null,
          null,
          1,
          null,
          1,
          9,
          9,
          9,
          null,
          1,
          35,
          8,
          null,
          null,
          1,
          1,
          1,
          1,
          null,
          null,
          1,
          1,
          null,
          null,
          null,
          1,
          1,
          1,
          1,
          null,
          null,
          1,
          6,
          1,
          null,
          null,
          1,
          2,
          2,
          null,
          null,
          null,
          null,
          1,
          1,
          1,
          null,
          null,
          null,
          1,
          1,
          11,
          1,
          null,
          null,
          null,
          1,
          1,
          11,
          1,
          null,
          null,
          null
        ]
      },
      "/Users/samthoburn/Desktop/Repos/battle/spec/player_spec.rb": {
        "lines": [
          null,
          null,
          1,
          null,
          1,
          1,
          1,
          1,
          null,
          null,
          1,
          1,
          null,
          null,
          null,
          1,
          1,
          2,
          8,
          null,
          1,
          4,
          null,
          null,
          1,
          1,
          6,
          2,
          null,
          null,
          null
        ]
      }
    },
    "timestamp": 1633618444
  }
}
